<?xml version="1.0" encoding="UTF-8"?>
<!-- Generated by org.testng.reporters.JUnitReportReporter -->
<testsuite hostname="DESKTOP-OA7C79N" failures="0" tests="9" name="exercise.ExerciseMethods" time="160.001" errors="0" timestamp="2021-08-02T16:14:41 UYT" skipped="0">
  <testcase classname="exercise.ExerciseMethods" name="ExcerciseP3" time="6.611"/>
  <system-out/>
  <testcase classname="exercise.ExerciseMethods" name="ExcerciseP7" time="7.705"/>
  <system-out/>
  <testcase classname="exercise.ExerciseMethods" name="ExcerciseP6" time="13.872"/>
  <system-out/>
  <testcase classname="exercise.ExerciseMethods" name="ExcerciseP4" time="10.626"/>
  <system-out/>
  <testcase classname="exercise.ExerciseMethods" name="ExcerciseP5" time="16.130"/>
  <system-out/>
  <testcase classname="exercise.ExerciseMethods" name="ExcerciseP7" time="8.137"/>
  <system-out/>
  <testcase classname="exercise.ExerciseMethods" name="ExcerciseP7" time="7.545"/>
  <system-out/>
  <testcase classname="exercise.ExerciseMethods" name="ExcerciseP1" time="72.240"/>
  <system-out/>
  <testcase classname="exercise.ExerciseMethods" name="ExcerciseP2" time="17.135"/>
  <system-out/>
</testsuite> <!-- exercise.ExerciseMethods -->
